<?xml version="1.0" encoding="UTF-8" ?>
<testsuite tests="12" failures="4" name="TestRunner.RunnerTest" time="2.387" errors="0" skipped="0">
  <properties>
    <property name="java.runtime.name" value="Java(TM) SE Runtime Environment"/>
    <property name="sun.boot.library.path" value="C:\Program Files\Java\jdk1.8.0_121\jre\bin"/>
    <property name="java.vm.version" value="25.121-b13"/>
    <property name="java.vm.vendor" value="Oracle Corporation"/>
    <property name="maven.multiModuleProjectDirectory" value="G:\SeleniumCucumberWorkSpace\Yahoo"/>
    <property name="java.vendor.url" value="http://java.oracle.com/"/>
    <property name="path.separator" value=";"/>
    <property name="guice.disable.misplaced.annotation.check" value="true"/>
    <property name="java.vm.name" value="Java HotSpot(TM) 64-Bit Server VM"/>
    <property name="file.encoding.pkg" value="sun.io"/>
    <property name="user.script" value=""/>
    <property name="user.country" value="IN"/>
    <property name="sun.java.launcher" value="SUN_STANDARD"/>
    <property name="sun.os.patch.level" value=""/>
    <property name="java.vm.specification.name" value="Java Virtual Machine Specification"/>
    <property name="user.dir" value="G:\SeleniumCucumberWorkSpace\Yahoo"/>
    <property name="java.runtime.version" value="1.8.0_121-b13"/>
    <property name="java.awt.graphicsenv" value="sun.awt.Win32GraphicsEnvironment"/>
    <property name="java.endorsed.dirs" value="C:\Program Files\Java\jdk1.8.0_121\jre\lib\endorsed"/>
    <property name="os.arch" value="amd64"/>
    <property name="java.io.tmpdir" value="C:\Users\Senthil\AppData\Local\Temp\"/>
    <property name="line.separator" value="
"/>
    <property name="java.vm.specification.vendor" value="Oracle Corporation"/>
    <property name="user.variant" value=""/>
    <property name="os.name" value="Windows 10"/>
    <property name="classworlds.conf" value="G:\SeleniumCucumberWorkSpace\.metadata\.plugins\org.eclipse.m2e.launching\launches\m2conf4456643364120162502.tmp"/>
    <property name="sun.jnu.encoding" value="Cp1252"/>
    <property name="java.library.path" value="C:\Program Files\Java\jdk1.8.0_121\bin;C:\WINDOWS\Sun\Java\bin;C:\WINDOWS\system32;C:\WINDOWS;C:/Program Files/Java/jre1.8.0_121/bin/server;C:/Program Files/Java/jre1.8.0_121/bin;C:/Program Files/Java/jre1.8.0_121/lib/amd64;C:\ProgramData\Oracle\Java\javapath;C:\WINDOWS\system32;C:\WINDOWS;C:\WINDOWS\System32\Wbem;C:\WINDOWS\System32\WindowsPowerShell\v1.0\;%M2_Home%\bin;C:\Program Files\Java\jdk1.8.0_121;C:\Program Files\Git\cmd;C:\WINDOWS\System32\OpenSSH\;C:\Users\Senthil\AppData\Local\Programs\Python\Python36-32;C:\Users\Senthil\AppData\Local\Programs\Python\Python36-32\Scripts;C:\Program Files\Java\jdk1.8.0_121\bin;C:\Users\Senthil\AppData\Local\Microsoft\WindowsApps;C:\Program Files\apache-maven-3.5.3\bin;;C:\WINDOWS\System32;;."/>
    <property name="java.specification.name" value="Java Platform API Specification"/>
    <property name="java.class.version" value="52.0"/>
    <property name="sun.management.compiler" value="HotSpot 64-Bit Tiered Compilers"/>
    <property name="os.version" value="10.0"/>
    <property name="user.home" value="C:\Users\Senthil"/>
    <property name="user.timezone" value="Asia/Calcutta"/>
    <property name="java.awt.printerjob" value="sun.awt.windows.WPrinterJob"/>
    <property name="java.specification.version" value="1.8"/>
    <property name="file.encoding" value="Cp1252"/>
    <property name="user.name" value="Senthil"/>
    <property name="java.class.path" value="/C:/Users/Senthil/eclipse/java-neon/eclipse/../../../.p2/pool/plugins/org.eclipse.m2e.maven.runtime_1.7.0.20160603-1931/jars/plexus-classworlds-2.5.2.jar"/>
    <property name="java.vm.specification.version" value="1.8"/>
    <property name="sun.arch.data.model" value="64"/>
    <property name="java.home" value="C:\Program Files\Java\jdk1.8.0_121\jre"/>
    <property name="sun.java.command" value="org.codehaus.plexus.classworlds.launcher.Launcher -B install"/>
    <property name="java.specification.vendor" value="Oracle Corporation"/>
    <property name="user.language" value="en"/>
    <property name="awt.toolkit" value="sun.awt.windows.WToolkit"/>
    <property name="java.vm.info" value="mixed mode"/>
    <property name="java.version" value="1.8.0_121"/>
    <property name="java.ext.dirs" value="C:\Program Files\Java\jdk1.8.0_121\jre\lib\ext;C:\WINDOWS\Sun\Java\lib\ext"/>
    <property name="sun.boot.class.path" value="C:\Program Files\Java\jdk1.8.0_121\jre\lib\resources.jar;C:\Program Files\Java\jdk1.8.0_121\jre\lib\rt.jar;C:\Program Files\Java\jdk1.8.0_121\jre\lib\sunrsasign.jar;C:\Program Files\Java\jdk1.8.0_121\jre\lib\jsse.jar;C:\Program Files\Java\jdk1.8.0_121\jre\lib\jce.jar;C:\Program Files\Java\jdk1.8.0_121\jre\lib\charsets.jar;C:\Program Files\Java\jdk1.8.0_121\jre\lib\jfr.jar;C:\Program Files\Java\jdk1.8.0_121\jre\classes"/>
    <property name="java.vendor" value="Oracle Corporation"/>
    <property name="maven.home" value="G:\SeleniumCucumberWorkSpace\Yahoo\EMBEDDED"/>
    <property name="file.separator" value="\"/>
    <property name="java.vendor.url.bug" value="http://bugreport.sun.com/bugreport/"/>
    <property name="sun.cpu.endian" value="little"/>
    <property name="sun.io.unicode.encoding" value="UnicodeLittle"/>
    <property name="sun.desktop" value="windows"/>
    <property name="sun.cpu.isalist" value="amd64"/>
  </properties>
  <testcase classname="Scenario: Validate Invalid Password" name="Given User is on Yahoo Login Page" time="0.01"/>
  <testcase classname="Scenario: Validate Invalid Password" name="When user submits the name" time="0"/>
  <testcase classname="Scenario: Validate Invalid Password" name="Then user submits the invalid password" time="0.021">
    <failure message="expected:&lt;Yahoo[o]&gt; but was:&lt;Yahoo[]&gt;" type="junit.framework.ComparisonFailure">junit.framework.ComparisonFailure: expected:&lt;Yahoo[o]&gt; but was:&lt;Yahoo[]&gt;
	at junit.framework.Assert.assertEquals(Assert.java:100)
	at junit.framework.Assert.assertEquals(Assert.java:107)
	at StepDefinitions.Steps.user_submits_the_invalid_password(Steps.java:93)
	at ✽.Then user submits the invalid password(G:/SeleniumCucumberWorkSpace/Yahoo/src/main/java/FeatureFile/Login.feature:9)
</failure>
  </testcase>
  <testcase classname="Scenario: Validate Invalid Password" name="Scenario: Validate Invalid Password" time="0.022">
    <failure message="expected:&lt;Yahoo[o]&gt; but was:&lt;Yahoo[]&gt;" type="junit.framework.ComparisonFailure">junit.framework.ComparisonFailure: expected:&lt;Yahoo[o]&gt; but was:&lt;Yahoo[]&gt;
	at junit.framework.Assert.assertEquals(Assert.java:100)
	at junit.framework.Assert.assertEquals(Assert.java:107)
	at StepDefinitions.Steps.user_submits_the_invalid_password(Steps.java:93)
	at ✽.Then user submits the invalid password(G:/SeleniumCucumberWorkSpace/Yahoo/src/main/java/FeatureFile/Login.feature:9)
</failure>
  </testcase>
  <testcase classname="Scenario: Validate Title" name="Given user is on uipractice page" time="0"/>
  <testcase classname="Scenario: Validate Title" name="When clicks on Home Link" time="0"/>
  <testcase classname="Scenario: Validate Title" name="Then user lands on Home page" time="0.001">
    <failure message="expected:&lt;Testing Controls[ ]&gt; but was:&lt;Testing Controls[]&gt;" type="junit.framework.ComparisonFailure">junit.framework.ComparisonFailure: expected:&lt;Testing Controls[ ]&gt; but was:&lt;Testing Controls[]&gt;
	at junit.framework.Assert.assertEquals(Assert.java:100)
	at junit.framework.Assert.assertEquals(Assert.java:107)
	at StepDefinitions.Steps.user_lands_on_Home_page(Steps.java:121)
	at ✽.Then user lands on Home page(G:/SeleniumCucumberWorkSpace/Yahoo/src/main/java/FeatureFile/Login.feature:17)
</failure>
  </testcase>
  <testcase classname="Scenario: Validate Title" name="Scenario: Validate Title" time="0.001">
    <failure message="expected:&lt;Testing Controls[ ]&gt; but was:&lt;Testing Controls[]&gt;" type="junit.framework.ComparisonFailure">junit.framework.ComparisonFailure: expected:&lt;Testing Controls[ ]&gt; but was:&lt;Testing Controls[]&gt;
	at junit.framework.Assert.assertEquals(Assert.java:100)
	at junit.framework.Assert.assertEquals(Assert.java:107)
	at StepDefinitions.Steps.user_lands_on_Home_page(Steps.java:121)
	at ✽.Then user lands on Home page(G:/SeleniumCucumberWorkSpace/Yahoo/src/main/java/FeatureFile/Login.feature:17)
</failure>
  </testcase>
  <testcase classname="Scenario: Login to Justanswer" name="Given user in on Justanswer Home page" time="0"/>
  <testcase classname="Scenario: Login to Justanswer" name="When user clicks on continue button" time="0"/>
  <testcase classname="Scenario: Login to Justanswer" name="Then user should see the error message &quot;Enter your question here to continue...&quot;" time="0"/>
  <testcase classname="Scenario: Login to Justanswer" name="Scenario: Login to Justanswer" time="2.332"/>
</testsuite>